2018-05-27 20:00:25 [scrapy.utils.log] INFO: Scrapy 1.5.0 started (bot: scrapy_app)
2018-05-27 20:00:25 [scrapy.utils.log] INFO: Versions: lxml 4.2.1.0, libxml2 2.9.8, cssselect 1.0.3, parsel 1.4.0, w3lib 1.19.0, Twisted 18.4.0, Python 3.6.5 (default, Mar 30 2018, 06:41:53) - [GCC 4.2.1 Compatible Apple LLVM 9.0.0 (clang-900.0.39.2)], pyOpenSSL 18.0.0 (OpenSSL 1.1.0h  27 Mar 2018), cryptography 2.2.2, Platform Darwin-17.5.0-x86_64-i386-64bit
2018-05-27 20:00:25 [scrapy.crawler] INFO: Overridden settings: {'BOT_NAME': 'scrapy_app', 'LOG_FILE': 'logs/default/indievox/94c8ea6261e811e89513f200c0f96a01.log', 'NEWSPIDER_MODULE': 'scrapy_app.spiders', 'ROBOTSTXT_OBEY': True, 'SPIDER_MODULES': ['scrapy_app.spiders']}
2018-05-27 20:00:25 [scrapy.middleware] INFO: Enabled extensions:
['scrapy.extensions.corestats.CoreStats',
 'scrapy.extensions.telnet.TelnetConsole',
 'scrapy.extensions.memusage.MemoryUsage',
 'scrapy.extensions.logstats.LogStats']
2018-05-27 20:00:25 [scrapy.middleware] INFO: Enabled downloader middlewares:
['scrapy.downloadermiddlewares.robotstxt.RobotsTxtMiddleware',
 'scrapy.downloadermiddlewares.httpauth.HttpAuthMiddleware',
 'scrapy.downloadermiddlewares.downloadtimeout.DownloadTimeoutMiddleware',
 'scrapy.downloadermiddlewares.defaultheaders.DefaultHeadersMiddleware',
 'scrapy.downloadermiddlewares.useragent.UserAgentMiddleware',
 'scrapy.downloadermiddlewares.retry.RetryMiddleware',
 'scrapy.downloadermiddlewares.redirect.MetaRefreshMiddleware',
 'scrapy.downloadermiddlewares.httpcompression.HttpCompressionMiddleware',
 'scrapy.downloadermiddlewares.redirect.RedirectMiddleware',
 'scrapy.downloadermiddlewares.cookies.CookiesMiddleware',
 'scrapy.downloadermiddlewares.httpproxy.HttpProxyMiddleware',
 'scrapy.downloadermiddlewares.stats.DownloaderStats']
2018-05-27 20:00:25 [scrapy.middleware] INFO: Enabled spider middlewares:
['scrapy.spidermiddlewares.httperror.HttpErrorMiddleware',
 'scrapy.spidermiddlewares.offsite.OffsiteMiddleware',
 'scrapy.spidermiddlewares.referer.RefererMiddleware',
 'scrapy.spidermiddlewares.urllength.UrlLengthMiddleware',
 'scrapy.spidermiddlewares.depth.DepthMiddleware']
2018-05-27 20:00:25 [scrapy.middleware] INFO: Enabled item pipelines:
['scrapy_app.pipelines.StoreEventPipeline']
2018-05-27 20:00:25 [scrapy.core.engine] INFO: Spider opened
2018-05-27 20:00:25 [scrapy.extensions.logstats] INFO: Crawled 0 pages (at 0 pages/min), scraped 0 items (at 0 items/min)
2018-05-27 20:00:25 [scrapy.extensions.telnet] DEBUG: Telnet console listening on 127.0.0.1:6026
2018-05-27 20:00:25 [scrapy.core.engine] DEBUG: Crawled (200) <GET https://www.indievox.com/robots.txt> (referer: None)
2018-05-27 20:00:25 [scrapy.core.engine] DEBUG: Crawled (200) <GET https://www.indievox.com/event/get-more-event-date-list?style=poster&content=event_ticket&content_container_id=event-ticket-block&start_date=2018-05-27&end_date=2030-12-31&key_word=&load_more=1&pagenation_type=full-page-more&pagenation_expand_col=&offset=0&length=7> (referer: None)
2018-05-27 20:00:26 [scrapy.core.engine] DEBUG: Crawled (200) <GET https://www.indievox.com/legacymini/event-post/20736> (referer: https://www.indievox.com/event/get-more-event-date-list?style=poster&content=event_ticket&content_container_id=event-ticket-block&start_date=2018-05-27&end_date=2030-12-31&key_word=&load_more=1&pagenation_type=full-page-more&pagenation_expand_col=&offset=0&length=7)
2018-05-27 20:00:26 [scrapy.core.scraper] DEBUG: Scraped from <200 https://www.indievox.com/legacymini/event-post/20736>
None
2018-05-27 20:00:26 [scrapy.core.engine] INFO: Closing spider (finished)
2018-05-27 20:00:26 [scrapy.statscollectors] INFO: Dumping Scrapy stats:
{'downloader/request_bytes': 1290,
 'downloader/request_count': 3,
 'downloader/request_method_count/GET': 3,
 'downloader/response_bytes': 20167,
 'downloader/response_count': 3,
 'downloader/response_status_count/200': 3,
 'finish_reason': 'finished',
 'finish_time': datetime.datetime(2018, 5, 27, 20, 0, 26, 753185),
 'item_scraped_count': 1,
 'log_count/DEBUG': 5,
 'log_count/INFO': 7,
 'memusage/max': 64831488,
 'memusage/startup': 64831488,
 'request_depth_max': 1,
 'response_received_count': 3,
 'scheduler/dequeued': 2,
 'scheduler/dequeued/memory': 2,
 'scheduler/enqueued': 2,
 'scheduler/enqueued/memory': 2,
 'start_time': datetime.datetime(2018, 5, 27, 20, 0, 25, 106182)}
2018-05-27 20:00:26 [scrapy.core.engine] INFO: Spider closed (finished)
